<?xml version="1.0" encoding="UTF-8"?>
<testsuite xmlns:xsi="http://www.w3.org/2001/XMLSchema-instance" xsi:noNamespaceSchemaLocation="https://maven.apache.org/surefire/maven-surefire-plugin/xsd/surefire-test-report-3.0.xsd" version="3.0" name="pe.interbank.saucedemo.runners.RunnerTests" time="23.073" tests="3" errors="0" skipped="0" failures="0">
  <properties>
[...]
</properties>
  <testcase name="Login exitoso con credenciales válidas" classname="Login en SauceDemo" time="9.754">
    <system-out><![CDATA[
@Login @LoginSuccessful
Scenario: Login exitoso con credenciales vÃ¡lidas                 &amp#27;[90m# features/login.feature:9&amp#27;[0m
  &amp#27;[32mGiven &amp#27;[0m&amp#27;[32mque el &amp#27;[0m&amp#27;[32m&amp#27;[1musuario&amp#27;[0m&amp#27;[32m abre la pÃ¡gina de SauceDemo&amp#27;[0m               &amp#27;[90m# pe.interbank.saucedemo.stepsDefinition.LoginStepsDefs.queElUsuarioAbreLaPÃ¡ginaDeSauceDemo(net.serenitybdd.screenplay.Actor)&amp#27;[0m
  &amp#27;[32mWhen &amp#27;[0m&amp#27;[32minicia sesion con las credenciales &amp#27;[0m&amp#27;[32m&amp#27;[1m"standard_user"&amp#27;[0m&amp#27;[32m, &amp#27;[0m&amp#27;[32m&amp#27;[1m"tdm"&amp#27;[0m &amp#27;[90m# pe.interbank.saucedemo.stepsDefinition.LoginStepsDefs.iniciaSesionConLasCredenciales(java.lang.String,java.lang.String)&amp#27;[0m
  &amp#27;[32mThen &amp#27;[0m&amp#27;[32mel login es satisfactorio&amp#27;[0m                                 &amp#27;[90m# pe.interbank.saucedemo.stepsDefinition.LoginStepsDefs.elLoginEsSatisfactorio()&amp#27;[0m
]]></system-out>
    <system-err><![CDATA[SLF4J: No SLF4J providers were found.
SLF4J: Defaulting to no-operation (NOP) logger implementation
SLF4J: See https://www.slf4j.org/codes.html#noProviders for further details.
set. 17, 2025 11:16:30 P. M. org.openqa.selenium.devtools.CdpVersionFinder findNearestMatch
WARNING: Unable to find CDP implementation matching 140
set. 17, 2025 11:16:30 P. M. org.openqa.selenium.chromium.ChromiumDriver lambda$new$5
WARNING: Unable to find version of CDP to use for 140.0.7339.80. You may need to include a dependency on a specific version of the CDP using something similar to `org.seleniumhq.selenium:selenium-devtools-v86:4.21.0` where the version ("v86") matches the version of the chromium-based browser you're using and the version number of the artifact is the same as Selenium's.
]]></system-err>
  </testcase>
  <testcase name="Login exitoso con credenciales incorrectas #1" classname="Login en SauceDemo" time="6.75">
    <system-out><![CDATA[
@Login @LoginFailed
Scenario Outline: Login exitoso con credenciales incorrectas       &amp#27;[90m# features/login.feature:21&amp#27;[0m
  &amp#27;[32mGiven &amp#27;[0m&amp#27;[32mque el &amp#27;[0m&amp#27;[32m&amp#27;[1musuario&amp#27;[0m&amp#27;[32m abre la pÃ¡gina de SauceDemo&amp#27;[0m                 &amp#27;[90m# pe.interbank.saucedemo.stepsDefinition.LoginStepsDefs.queElUsuarioAbreLaPÃ¡ginaDeSauceDemo(net.serenitybdd.screenplay.Actor)&amp#27;[0m
  &amp#27;[32mWhen &amp#27;[0m&amp#27;[32minicia sesion con las credenciales &amp#27;[0m&amp#27;[32m&amp#27;[1m"locked_out_user"&amp#27;[0m&amp#27;[32m, &amp#27;[0m&amp#27;[32m&amp#27;[1m"tdm"&amp#27;[0m &amp#27;[90m# pe.interbank.saucedemo.stepsDefinition.LoginStepsDefs.iniciaSesionConLasCredenciales(java.lang.String,java.lang.String)&amp#27;[0m
  &amp#27;[32mThen &amp#27;[0m&amp#27;[32mdeberÃ­a ver un mensaje de error&amp#27;[0m                             &amp#27;[90m# pe.interbank.saucedemo.stepsDefinition.LoginStepsDefs.deberÃ­aVerUnMensajeDeError()&amp#27;[0m
]]></system-out>
    <system-err><![CDATA[set. 17, 2025 11:16:38 P. M. org.openqa.selenium.devtools.CdpVersionFinder findNearestMatch
WARNING: Unable to find CDP implementation matching 140
set. 17, 2025 11:16:38 P. M. org.openqa.selenium.chromium.ChromiumDriver lambda$new$5
WARNING: Unable to find version of CDP to use for 140.0.7339.80. You may need to include a dependency on a specific version of the CDP using something similar to `org.seleniumhq.selenium:selenium-devtools-v86:4.21.0` where the version ("v86") matches the version of the chromium-based browser you're using and the version number of the artifact is the same as Selenium's.
]]></system-err>
  </testcase>
  <testcase name="Login exitoso con credenciales incorrectas #2" classname="Login en SauceDemo" time="5.224">
    <system-out><![CDATA[
@Login @LoginFailed
Scenario Outline: Login exitoso con credenciales incorrectas  &amp#27;[90m# features/login.feature:22&amp#27;[0m
  &amp#27;[32mGiven &amp#27;[0m&amp#27;[32mque el &amp#27;[0m&amp#27;[32m&amp#27;[1musuario&amp#27;[0m&amp#27;[32m abre la pÃ¡gina de SauceDemo&amp#27;[0m            &amp#27;[90m# pe.interbank.saucedemo.stepsDefinition.LoginStepsDefs.queElUsuarioAbreLaPÃ¡ginaDeSauceDemo(net.serenitybdd.screenplay.Actor)&amp#27;[0m
  &amp#27;[32mWhen &amp#27;[0m&amp#27;[32minicia sesion con las credenciales &amp#27;[0m&amp#27;[32m&amp#27;[1m"wrong_user"&amp#27;[0m&amp#27;[32m, &amp#27;[0m&amp#27;[32m&amp#27;[1m"tdm"&amp#27;[0m &amp#27;[90m# pe.interbank.saucedemo.stepsDefinition.LoginStepsDefs.iniciaSesionConLasCredenciales(java.lang.String,java.lang.String)&amp#27;[0m
  &amp#27;[32mThen &amp#27;[0m&amp#27;[32mdeberÃ­a ver un mensaje de error&amp#27;[0m                        &amp#27;[90m# pe.interbank.saucedemo.stepsDefinition.LoginStepsDefs.deberÃ­aVerUnMensajeDeError()&amp#27;[0m
]]></system-out>
    <system-err><![CDATA[set. 17, 2025 11:16:45 P. M. org.openqa.selenium.devtools.CdpVersionFinder findNearestMatch
WARNING: Unable to find CDP implementation matching 140
set. 17, 2025 11:16:45 P. M. org.openqa.selenium.chromium.ChromiumDriver lambda$new$5
WARNING: Unable to find version of CDP to use for 140.0.7339.80. You may need to include a dependency on a specific version of the CDP using something similar to `org.seleniumhq.selenium:selenium-devtools-v86:4.21.0` where the version ("v86") matches the version of the chromium-based browser you're using and the version number of the artifact is the same as Selenium's.
]]></system-err>
  </testcase>
</testsuite>